<?xml version="1.0" encoding="UTF-8"?>
<!-- Generated by org.testng.reporters.JUnitReportReporter -->
<testsuite skipped="0" hostname="DESKTOP-EG0CCSC" name="com.poml.tests.infor.ResourcePageTest" tests="1" failures="0" timestamp="23 Apr 2021 06:17:15 GMT" time="14.908" errors="0">
  <testcase name="verifyWebinarNameOnResourcePage" time="14.908" classname="com.poml.tests.infor.ResourcePageTest"/>
</testsuite> <!-- com.poml.tests.infor.ResourcePageTest -->
